{"D:\\Projects\\caliatys\\ts_parser\\dist\\index.js":{"path":"D:\\Projects\\caliatys\\ts_parser\\dist\\index.js","s":{"1":1,"2":1,"3":1,"4":1,"5":1,"6":0,"7":1,"8":0,"9":1,"10":1,"11":1,"12":1,"13":1,"14":1,"15":1,"16":1,"17":1,"18":0,"19":1,"20":0,"21":1,"22":1,"23":1,"24":1,"25":1,"26":1,"27":1,"28":1,"29":1,"30":0,"31":1,"32":1,"33":1,"34":1,"35":1,"36":1,"37":1,"38":1,"39":1},"b":{"1":[0,1],"2":[0,1],"3":[1,0],"4":[0,1],"5":[0,1],"6":[1,0],"7":[0,1],"8":[1,0]},"f":{"1":1,"2":0,"3":1,"4":1,"5":1},"fnMap":{"1":{"name":"(anonymous_1)","line":3,"loc":{"start":{"line":3,"column":32},"end":{"line":3,"column":44}}},"2":{"name":"ArrayTyper","line":4,"loc":{"start":{"line":4,"column":4},"end":{"line":4,"column":26}}},"3":{"name":"(anonymous_3)","line":6,"loc":{"start":{"line":6,"column":25},"end":{"line":6,"column":44}}},"4":{"name":"(anonymous_4)","line":20,"loc":{"start":{"line":20,"column":34},"end":{"line":20,"column":60}}},"5":{"name":"(anonymous_5)","line":34,"loc":{"start":{"line":34,"column":24},"end":{"line":34,"column":43}}}},"statementMap":{"1":{"start":{"line":2,"column":0},"end":{"line":2,"column":62}},"2":{"start":{"line":3,"column":0},"end":{"line":47,"column":5}},"3":{"start":{"line":4,"column":4},"end":{"line":5,"column":5}},"4":{"start":{"line":6,"column":4},"end":{"line":19,"column":6}},"5":{"start":{"line":7,"column":8},"end":{"line":8,"column":22}},"6":{"start":{"line":8,"column":12},"end":{"line":8,"column":22}},"7":{"start":{"line":9,"column":8},"end":{"line":10,"column":36}},"8":{"start":{"line":10,"column":12},"end":{"line":10,"column":36}},"9":{"start":{"line":11,"column":8},"end":{"line":11,"column":38}},"10":{"start":{"line":12,"column":8},"end":{"line":17,"column":9}},"11":{"start":{"line":13,"column":12},"end":{"line":13,"column":34}},"12":{"start":{"line":14,"column":12},"end":{"line":14,"column":34}},"13":{"start":{"line":15,"column":12},"end":{"line":16,"column":38}},"14":{"start":{"line":16,"column":16},"end":{"line":16,"column":38}},"15":{"start":{"line":18,"column":8},"end":{"line":18,"column":27}},"16":{"start":{"line":20,"column":4},"end":{"line":33,"column":6}},"17":{"start":{"line":21,"column":8},"end":{"line":22,"column":22}},"18":{"start":{"line":22,"column":12},"end":{"line":22,"column":22}},"19":{"start":{"line":23,"column":8},"end":{"line":24,"column":36}},"20":{"start":{"line":24,"column":12},"end":{"line":24,"column":36}},"21":{"start":{"line":25,"column":8},"end":{"line":25,"column":38}},"22":{"start":{"line":26,"column":8},"end":{"line":31,"column":9}},"23":{"start":{"line":27,"column":12},"end":{"line":27,"column":34}},"24":{"start":{"line":28,"column":12},"end":{"line":28,"column":41}},"25":{"start":{"line":29,"column":12},"end":{"line":30,"column":38}},"26":{"start":{"line":30,"column":16},"end":{"line":30,"column":38}},"27":{"start":{"line":32,"column":8},"end":{"line":32,"column":27}},"28":{"start":{"line":34,"column":4},"end":{"line":45,"column":6}},"29":{"start":{"line":35,"column":8},"end":{"line":36,"column":22}},"30":{"start":{"line":36,"column":12},"end":{"line":36,"column":22}},"31":{"start":{"line":37,"column":8},"end":{"line":37,"column":28}},"32":{"start":{"line":38,"column":8},"end":{"line":43,"column":9}},"33":{"start":{"line":39,"column":12},"end":{"line":39,"column":34}},"34":{"start":{"line":40,"column":12},"end":{"line":40,"column":34}},"35":{"start":{"line":41,"column":12},"end":{"line":42,"column":59}},"36":{"start":{"line":42,"column":16},"end":{"line":42,"column":59}},"37":{"start":{"line":44,"column":8},"end":{"line":44,"column":26}},"38":{"start":{"line":46,"column":4},"end":{"line":46,"column":22}},"39":{"start":{"line":48,"column":0},"end":{"line":48,"column":32}}},"branchMap":{"1":{"line":7,"type":"if","locations":[{"start":{"line":7,"column":8},"end":{"line":7,"column":8}},{"start":{"line":7,"column":8},"end":{"line":7,"column":8}}]},"2":{"line":9,"type":"if","locations":[{"start":{"line":9,"column":8},"end":{"line":9,"column":8}},{"start":{"line":9,"column":8},"end":{"line":9,"column":8}}]},"3":{"line":15,"type":"if","locations":[{"start":{"line":15,"column":12},"end":{"line":15,"column":12}},{"start":{"line":15,"column":12},"end":{"line":15,"column":12}}]},"4":{"line":21,"type":"if","locations":[{"start":{"line":21,"column":8},"end":{"line":21,"column":8}},{"start":{"line":21,"column":8},"end":{"line":21,"column":8}}]},"5":{"line":23,"type":"if","locations":[{"start":{"line":23,"column":8},"end":{"line":23,"column":8}},{"start":{"line":23,"column":8},"end":{"line":23,"column":8}}]},"6":{"line":29,"type":"if","locations":[{"start":{"line":29,"column":12},"end":{"line":29,"column":12}},{"start":{"line":29,"column":12},"end":{"line":29,"column":12}}]},"7":{"line":35,"type":"if","locations":[{"start":{"line":35,"column":8},"end":{"line":35,"column":8}},{"start":{"line":35,"column":8},"end":{"line":35,"column":8}}]},"8":{"line":41,"type":"if","locations":[{"start":{"line":41,"column":12},"end":{"line":41,"column":12}},{"start":{"line":41,"column":12},"end":{"line":41,"column":12}}]}}}}