TN:
SF:D:\Projects\caliatys\ts_parser\dist\index.js
FN:3,(anonymous_0)
FN:4,ArrayTyper
FN:6,(anonymous_2)
FN:26,(anonymous_3)
FNF:4
FNH:3
FNDA:1,(anonymous_0)
FNDA:0,ArrayTyper
FNDA:9,(anonymous_2)
FNDA:11,(anonymous_3)
DA:2,1
DA:3,1
DA:6,1
DA:7,9
DA:8,9
DA:9,2
DA:11,9
DA:12,2
DA:13,7
DA:14,1
DA:15,6
DA:16,3
DA:17,6
DA:18,2
DA:19,4
DA:20,4
DA:21,8
DA:22,8
DA:24,4
DA:26,1
DA:27,11
DA:28,11
DA:29,2
DA:31,11
DA:32,2
DA:33,9
DA:34,1
DA:35,8
DA:36,3
DA:37,8
DA:38,2
DA:39,6
DA:40,2
DA:41,4
DA:42,4
DA:43,8
DA:44,8
DA:45,8
DA:47,4
DA:49,1
DA:51,1
LF:41
LH:41
BRDA:11,0,0,2
BRDA:11,0,1,7
BRDA:11,1,0,9
BRDA:11,1,1,8
BRDA:13,2,0,1
BRDA:13,2,1,6
BRDA:15,3,0,3
BRDA:15,3,1,3
BRDA:17,4,0,2
BRDA:17,4,1,4
BRDA:17,5,0,6
BRDA:17,5,1,6
BRDA:31,6,0,2
BRDA:31,6,1,9
BRDA:31,7,0,11
BRDA:31,7,1,10
BRDA:33,8,0,1
BRDA:33,8,1,8
BRDA:35,9,0,3
BRDA:35,9,1,5
BRDA:37,10,0,2
BRDA:37,10,1,6
BRDA:37,11,0,8
BRDA:37,11,1,8
BRDA:39,12,0,2
BRDA:39,12,1,4
BRDA:39,13,0,6
BRDA:39,13,1,5
BRF:28
BRH:28
end_of_record
